2020-06-25 12:47:59 +0000  Initial pipeline context: <IDEDistributionProcessingPipelineContext: 0x7fce6a5d4370; archive(resolved)='<IDEArchive: 0x7fce6aad7bd0>', distributionTask(resolved)='2', distributionDestination(resolved)='2', distributionMethod(resolved)='<IDEDistributionMethodiOSAppStoreDistribution: 0x7fce6aa57f40>', team(resolved)='<IDEProvisioningDisambiguatableBasicTeam: 0x7fce6e59b3d0; teamID='NKR82GFQ5B', teamName='ismail tekin', teamType='Individual', username='bilgi@besyol.com.tr', isFreeProvisioningTeam='0'>'>
	Chain (13, self inclusive):
	<IDEDistributionProcessingPipelineContext: 0x7fce6a5d4370; archive = '<IDEArchive: 0x7fce6aad7bd0>', distributionMethod='<IDEDistributionMethodiOSAppStoreDistribution: 0x7fce6aa57f40>', team='<IDEProvisioningDisambiguatableBasicTeam: 0x7fce6e59b3d0; teamID='NKR82GFQ5B', teamName='ismail tekin', teamType='Individual', username='bilgi@besyol.com.tr', isFreeProvisioningTeam='0'>'>
	<IDEDistributionProcessingPipelineContext: 0x7fce6ad67d70; archive = '<IDEArchive: 0x7fce6aad7bd0>', distributionMethod='<IDEDistributionMethodiOSAppStoreDistribution: 0x7fce6aa57f40>', team='<IDEProvisioningDisambiguatableBasicTeam: 0x7fce6e59b3d0; teamID='NKR82GFQ5B', teamName='ismail tekin', teamType='Individual', username='bilgi@besyol.com.tr', isFreeProvisioningTeam='0'>'>
	<IDEDistributionContext: 0x7fce6a528a40; archive = '<IDEArchive: 0x7fce6aad7bd0>', distributionMethod='<IDEDistributionMethodiOSAppStoreDistribution: 0x7fce6aa57f40>', team='<IDEProvisioningDisambiguatableBasicTeam: 0x7fce6e59b3d0; teamID='NKR82GFQ5B', teamName='ismail tekin', teamType='Individual', username='bilgi@besyol.com.tr', isFreeProvisioningTeam='0'>'>
	<IDEDistributionContext: 0x7fce6b253470; archive = '<IDEArchive: 0x7fce6aad7bd0>', distributionMethod='<IDEDistributionMethodiOSAppStoreDistribution: 0x7fce6aa57f40>', team='<IDEProvisioningDisambiguatableBasicTeam: 0x7fce6e59b3d0; teamID='NKR82GFQ5B', teamName='ismail tekin', teamType='Individual', username='bilgi@besyol.com.tr', isFreeProvisioningTeam='0'>'>
	<IDEDistributionContext: 0x7fce6ad971d0; archive = '<IDEArchive: 0x7fce6aad7bd0>', distributionMethod='<IDEDistributionMethodiOSAppStoreDistribution: 0x7fce6aa57f40>', team='<IDEProvisioningDisambiguatableBasicTeam: 0x7fce6e59b3d0; teamID='NKR82GFQ5B', teamName='ismail tekin', teamType='Individual', username='bilgi@besyol.com.tr', isFreeProvisioningTeam='0'>'>
	<IDEDistributionContext: 0x7fce6ad67000; archive = '<IDEArchive: 0x7fce6aad7bd0>', distributionMethod='<IDEDistributionMethodiOSAppStoreDistribution: 0x7fce6aa57f40>', team='<IDEProvisioningDisambiguatableBasicTeam: 0x7fce6e59b3d0; teamID='NKR82GFQ5B', teamName='ismail tekin', teamType='Individual', username='bilgi@besyol.com.tr', isFreeProvisioningTeam='0'>'>
	<IDEDistributionContext: 0x7fce6b14cd30; archive = '<IDEArchive: 0x7fce6aad7bd0>', distributionMethod='<IDEDistributionMethodiOSAppStoreDistribution: 0x7fce6aa57f40>', team='<IDEProvisioningDisambiguatableBasicTeam: 0x7fce6e59b3d0; teamID='NKR82GFQ5B', teamName='ismail tekin', teamType='Individual', username='bilgi@besyol.com.tr', isFreeProvisioningTeam='0'>'>
	<IDEDistributionContext: 0x7fce6ad6b320; archive = '<IDEArchive: 0x7fce6aad7bd0>', distributionMethod='<IDEDistributionMethodiOSAppStoreDistribution: 0x7fce6aa57f40>', team='<IDEProvisioningDisambiguatableBasicTeam: 0x7fce6e59b3d0; teamID='NKR82GFQ5B', teamName='ismail tekin', teamType='Individual', username='bilgi@besyol.com.tr', isFreeProvisioningTeam='0'>'>
	<IDEDistributionContext: 0x7fce6a623be0; archive = '<IDEArchive: 0x7fce6aad7bd0>', distributionMethod='<IDEDistributionMethodiOSAppStoreDistribution: 0x7fce6aa57f40>', team='<IDEProvisioningDisambiguatableBasicTeam: 0x7fce6e59b3d0; teamID='NKR82GFQ5B', teamName='ismail tekin', teamType='Individual', username='bilgi@besyol.com.tr', isFreeProvisioningTeam='0'>'>
	<IDEDistributionContext: 0x7fce6b184db0; archive = '<IDEArchive: 0x7fce6aad7bd0>', distributionMethod='<IDEDistributionMethodiOSAppStoreDistribution: 0x7fce6aa57f40>', team='<IDEProvisioningDisambiguatableBasicTeam: 0x7fce6e59b3d0; teamID='NKR82GFQ5B', teamName='ismail tekin', teamType='Individual', username='bilgi@besyol.com.tr', isFreeProvisioningTeam='0'>'>
	<IDEDistributionContext: 0x7fce6a320e80; archive = '<IDEArchive: 0x7fce6aad7bd0>', distributionMethod='<IDEDistributionMethodiOSAppStoreDistribution: 0x7fce6aa57f40>', team='(null)'>
	<IDEDistributionContext: 0x7fce6b182750; archive = '<IDEArchive: 0x7fce6aad7bd0>', distributionMethod='<IDEDistributionMethodiOSAppStoreDistribution: 0x7fce6aa57f40>', team='(null)'>
	<IDEDistributionContext: 0x7fce6ab7ada0; archive = '<IDEArchive: 0x7fce6aad7bd0>', distributionMethod='(null)', team='(null)'>
</IDEDistributionProcessingPipelineContext: 0x7fce6a5d4370>
2020-06-25 12:47:59 +0000  Processing step: IDEDistributionCreateDestRootStep
2020-06-25 12:47:59 +0000  Processing step: IDEDistributionCopyItemStep
2020-06-25 12:47:59 +0000  Running /usr/bin/ditto '-V' '/Users/ilyas666/Library/Developer/Xcode/Archives/2020-06-25/KonyaSanalMarket 6-25-20, 16.47.xcarchive/Products/Applications/Konya Sanal Market.app' '/var/folders/vt/fwzm07r54rx614723d7plj840000gn/T/XcodeDistPipeline.~~~OItxpr/Root/Payload/Konya Sanal Market.app'
2020-06-25 12:47:59 +0000  >>> Copying /Users/ilyas666/Library/Developer/Xcode/Archives/2020-06-25/KonyaSanalMarket 6-25-20, 16.47.xcarchive/Products/Applications/Konya Sanal Market.app 
2020-06-25 12:47:59 +0000  copying file ./_CodeSignature/CodeResources ... 
2020-06-25 12:47:59 +0000  12847 bytes for ./_CodeSignature/CodeResources
2020-06-25 12:47:59 +0000  copying file ./AppIcon60x60@2x.png ... 
2020-06-25 12:47:59 +0000  8363 bytes for ./AppIcon60x60@2x.png
copying file ./GoogleService-Info.plist ... 
2020-06-25 12:47:59 +0000  897 bytes for ./GoogleService-Info.plist
2020-06-25 12:47:59 +0000  copying file ./Base.lproj/Main.storyboardc/gJp-Po-llY-view-UqJ-ON-XhU.nib ... 
2020-06-25 12:47:59 +0000  1197 bytes for ./Base.lproj/Main.storyboardc/gJp-Po-llY-view-UqJ-ON-XhU.nib
2020-06-25 12:47:59 +0000  copying file ./Base.lproj/Main.storyboardc/View2.nib ... 
2020-06-25 12:47:59 +0000  1002 bytes for ./Base.lproj/Main.storyboardc/View2.nib
copying file ./Base.lproj/Main.storyboardc/SplashView.nib ... 
2020-06-25 12:47:59 +0000  1013 bytes for ./Base.lproj/Main.storyboardc/SplashView.nib
copying file ./Base.lproj/Main.storyboardc/ViewController.nib ... 
2020-06-25 12:47:59 +0000  1099 bytes for ./Base.lproj/Main.storyboardc/ViewController.nib
copying file ./Base.lproj/Main.storyboardc/BYZ-38-t0r-view-8bC-Xf-vdC.nib ... 
2020-06-25 12:47:59 +0000  1197 bytes for ./Base.lproj/Main.storyboardc/BYZ-38-t0r-view-8bC-Xf-vdC.nib
copying file ./Base.lproj/Main.storyboardc/Info.plist ... 
2020-06-25 12:47:59 +0000  239 bytes for ./Base.lproj/Main.storyboardc/Info.plist
2020-06-25 12:47:59 +0000  copying file ./Base.lproj/Main.storyboardc/Xuh-U9-Td2-view-Gge-92-RED.nib ... 
2020-06-25 12:47:59 +0000  1197 bytes for ./Base.lproj/Main.storyboardc/Xuh-U9-Td2-view-Gge-92-RED.nib
2020-06-25 12:47:59 +0000  copying file ./Base.lproj/LaunchScreen.storyboardc/01J-lp-oVM-view-Ze5-6b-2t3.nib ... 
2020-06-25 12:47:59 +0000  1197 bytes for ./Base.lproj/LaunchScreen.storyboardc/01J-lp-oVM-view-Ze5-6b-2t3.nib
copying file ./Base.lproj/LaunchScreen.storyboardc/UIViewController-01J-lp-oVM.nib ... 
2020-06-25 12:47:59 +0000  896 bytes for ./Base.lproj/LaunchScreen.storyboardc/UIViewController-01J-lp-oVM.nib
copying file ./Base.lproj/LaunchScreen.storyboardc/Info.plist ... 
2020-06-25 12:47:59 +0000  258 bytes for ./Base.lproj/LaunchScreen.storyboardc/Info.plist
2020-06-25 12:47:59 +0000  copying file ./KonyaSanalMarket.momd/KonyaSanalMarket.omo ... 
2020-06-25 12:47:59 +0000  704 bytes for ./KonyaSanalMarket.momd/KonyaSanalMarket.omo
2020-06-25 12:47:59 +0000  copying file ./KonyaSanalMarket.momd/VersionInfo.plist ... 
2020-06-25 12:47:59 +0000  173 bytes for ./KonyaSanalMarket.momd/VersionInfo.plist
2020-06-25 12:47:59 +0000  copying file ./KonyaSanalMarket.momd/KonyaSanalMarket.mom ... 
2020-06-25 12:47:59 +0000  513 bytes for ./KonyaSanalMarket.momd/KonyaSanalMarket.mom
2020-06-25 12:47:59 +0000  copying file ./Assets.car ... 
2020-06-25 12:47:59 +0000  563359 bytes for ./Assets.car
2020-06-25 12:47:59 +0000  copying file ./AppIcon76x76@2x~ipad.png ... 
2020-06-25 12:47:59 +0000  11441 bytes for ./AppIcon76x76@2x~ipad.png
2020-06-25 12:47:59 +0000  copying file ./KonyaSanalMarket.xcworkspace/contents.xcworkspacedata ... 
2020-06-25 12:47:59 +0000  234 bytes for ./KonyaSanalMarket.xcworkspace/contents.xcworkspacedata
2020-06-25 12:47:59 +0000  copying file ./KonyaSanalMarket.xcworkspace/xcuserdata/ilyas666.xcuserdatad/UserInterfaceState.xcuserstate ... 
2020-06-25 12:47:59 +0000  37881 bytes for ./KonyaSanalMarket.xcworkspace/xcuserdata/ilyas666.xcuserdatad/UserInterfaceState.xcuserstate
2020-06-25 12:47:59 +0000  copying file ./KonyaSanalMarket.xcworkspace/xcshareddata/IDEWorkspaceChecks.plist ... 
2020-06-25 12:47:59 +0000  238 bytes for ./KonyaSanalMarket.xcworkspace/xcshareddata/IDEWorkspaceChecks.plist
2020-06-25 12:47:59 +0000  copying file ./Frameworks/Protobuf.framework/_CodeSignature/CodeResources ... 
2020-06-25 12:47:59 +0000  1798 bytes for ./Frameworks/Protobuf.framework/_CodeSignature/CodeResources
2020-06-25 12:47:59 +0000  copying file ./Frameworks/Protobuf.framework/Protobuf ... 
2020-06-25 12:47:59 +0000  3030272 bytes for ./Frameworks/Protobuf.framework/Protobuf
copying file ./Frameworks/Protobuf.framework/Info.plist ... 
2020-06-25 12:47:59 +0000  740 bytes for ./Frameworks/Protobuf.framework/Info.plist
2020-06-25 12:47:59 +0000  copying file ./Frameworks/libswiftObjectiveC.dylib ... 
2020-06-25 12:47:59 +0000  679680 bytes for ./Frameworks/libswiftObjectiveC.dylib
2020-06-25 12:47:59 +0000  copying file ./Frameworks/libswiftCore.dylib ... 
2020-06-25 12:48:01 +0000  ditto: /private/var/folders/vt/fwzm07r54rx614723d7plj840000gn/T/XcodeDistPipeline.~~~OItxpr/Root/Payload/Konya Sanal Market.app/Frameworks/libswiftCore.dylib: No space left on device
2020-06-25 12:48:02 +0000  copying file ./Frameworks/libswiftCoreGraphics.dylib ... 
2020-06-25 12:48:02 +0000  2041040 bytes for ./Frameworks/libswiftCoreGraphics.dylib
2020-06-25 12:48:02 +0000  copying file ./Frameworks/FBLPromises.framework/_CodeSignature/CodeResources ... 
2020-06-25 12:48:02 +0000  1798 bytes for ./Frameworks/FBLPromises.framework/_CodeSignature/CodeResources
2020-06-25 12:48:02 +0000  copying file ./Frameworks/FBLPromises.framework/FBLPromises ... 
2020-06-25 12:48:02 +0000  685232 bytes for ./Frameworks/FBLPromises.framework/FBLPromises
copying file ./Frameworks/FBLPromises.framework/Info.plist ... 
2020-06-25 12:48:02 +0000  745 bytes for ./Frameworks/FBLPromises.framework/Info.plist
2020-06-25 12:48:02 +0000  copying file ./Frameworks/libswiftDispatch.dylib ... 
2020-06-25 12:48:02 +0000  4056896 bytes for ./Frameworks/libswiftDispatch.dylib
2020-06-25 12:48:02 +0000  copying file ./Frameworks/GoogleUtilities.framework/_CodeSignature/CodeResources ... 
2020-06-25 12:48:02 +0000  1798 bytes for ./Frameworks/GoogleUtilities.framework/_CodeSignature/CodeResources
2020-06-25 12:48:02 +0000  copying file ./Frameworks/GoogleUtilities.framework/GoogleUtilities ... 
2020-06-25 12:48:02 +0000  1054448 bytes for ./Frameworks/GoogleUtilities.framework/GoogleUtilities
2020-06-25 12:48:02 +0000  copying file ./Frameworks/GoogleUtilities.framework/Info.plist ... 
2020-06-25 12:48:02 +0000  755 bytes for ./Frameworks/GoogleUtilities.framework/Info.plist
2020-06-25 12:48:02 +0000  copying file ./Frameworks/libswiftCoreFoundation.dylib ... 
2020-06-25 12:48:02 +0000  450384 bytes for ./Frameworks/libswiftCoreFoundation.dylib
copying file ./Frameworks/libswiftDarwin.dylib ... 
2020-06-25 12:48:02 +0000  1091440 bytes for ./Frameworks/libswiftDarwin.dylib
2020-06-25 12:48:02 +0000  copying file ./Frameworks/nanopb.framework/_CodeSignature/CodeResources ... 
2020-06-25 12:48:02 +0000  1798 bytes for ./Frameworks/nanopb.framework/_CodeSignature/CodeResources
2020-06-25 12:48:02 +0000  copying file ./Frameworks/nanopb.framework/nanopb ... 
2020-06-25 12:48:02 +0000  278224 bytes for ./Frameworks/nanopb.framework/nanopb
copying file ./Frameworks/nanopb.framework/Info.plist ... 
2020-06-25 12:48:02 +0000  739 bytes for ./Frameworks/nanopb.framework/Info.plist
copying file ./Frameworks/libswiftFoundation.dylib ... 
2020-06-25 12:48:02 +0000  43094320 bytes for ./Frameworks/libswiftFoundation.dylib
2020-06-25 12:48:02 +0000  copying file ./embedded.mobileprovision ... 
2020-06-25 12:48:02 +0000  7553 bytes for ./embedded.mobileprovision
copying file ./Info.plist ... 
2020-06-25 12:48:02 +0000  1994 bytes for ./Info.plist
2020-06-25 12:48:02 +0000  copying file ./Konya Sanal Market ... 
2020-06-25 12:48:02 +0000  11758784 bytes for ./Konya Sanal Market
2020-06-25 12:48:02 +0000  copying file ./PkgInfo ... 
2020-06-25 12:48:02 +0000  8 bytes for ./PkgInfo
2020-06-25 12:48:02 +0000  /usr/bin/ditto exited with 1
