2020-06-25 12:47:45 +0000 [MT] Beginning distribution assistant for archive: KonyaSanalMarket, task: 2
2020-06-25 12:47:47 +0000 [MT] Proceeding to distribution step IDEDistributionDestinationStepViewController, context: <IDEDistributionContext: 0x7fce6a320e80; archive(resolved)='<IDEArchive: 0x7fce6aad7bd0>', distributionTask(resolved)='2', distributionDestination(resolved)='(null)', distributionMethod(resolved)='<IDEDistributionMethodiOSAppStoreDistribution: 0x7fce6aa57f40>', team(resolved)='(null)'>
	Chain (3, self inclusive):
	<IDEDistributionContext: 0x7fce6a320e80; archive = '<IDEArchive: 0x7fce6aad7bd0>', distributionMethod='<IDEDistributionMethodiOSAppStoreDistribution: 0x7fce6aa57f40>', team='(null)'>
	<IDEDistributionContext: 0x7fce6b182750; archive = '<IDEArchive: 0x7fce6aad7bd0>', distributionMethod='<IDEDistributionMethodiOSAppStoreDistribution: 0x7fce6aa57f40>', team='(null)'>
	<IDEDistributionContext: 0x7fce6ab7ada0; archive = '<IDEArchive: 0x7fce6aad7bd0>', distributionMethod='(null)', team='(null)'>
</IDEDistributionContext: 0x7fce6a320e80>
2020-06-25 12:47:47 +0000 [MT] Proceeding to distribution step IDEDistributionAnalyzeArchiveStepViewController, context: <IDEDistributionContext: 0x7fce6b184db0; archive(resolved)='<IDEArchive: 0x7fce6aad7bd0>', distributionTask(resolved)='2', distributionDestination(resolved)='2', distributionMethod(resolved)='<IDEDistributionMethodiOSAppStoreDistribution: 0x7fce6aa57f40>', team(resolved)='(null)'>
	Chain (4, self inclusive):
	<IDEDistributionContext: 0x7fce6b184db0; archive = '<IDEArchive: 0x7fce6aad7bd0>', distributionMethod='<IDEDistributionMethodiOSAppStoreDistribution: 0x7fce6aa57f40>', team='(null)'>
	<IDEDistributionContext: 0x7fce6a320e80; archive = '<IDEArchive: 0x7fce6aad7bd0>', distributionMethod='<IDEDistributionMethodiOSAppStoreDistribution: 0x7fce6aa57f40>', team='(null)'>
	<IDEDistributionContext: 0x7fce6b182750; archive = '<IDEArchive: 0x7fce6aad7bd0>', distributionMethod='<IDEDistributionMethodiOSAppStoreDistribution: 0x7fce6aa57f40>', team='(null)'>
	<IDEDistributionContext: 0x7fce6ab7ada0; archive = '<IDEArchive: 0x7fce6aad7bd0>', distributionMethod='(null)', team='(null)'>
</IDEDistributionContext: 0x7fce6b184db0>
2020-06-25 12:47:48 +0000  Found team <IDEProvisioningDisambiguatableBasicTeam: 0x7fce6e59b3d0; teamID='NKR82GFQ5B', teamName='ismail tekin', teamType='Individual', username='bilgi@besyol.com.tr', isFreeProvisioningTeam='0'> in archive signature
2020-06-25 12:47:48 +0000  Found signing style 0 in archive signature
2020-06-25 12:47:49 +0000 [MT] Proceeding to distribution step IDEDistributioniTunesConnectAccountStepViewController, context: <IDEDistributionContext: 0x7fce6ad6b320; archive(resolved)='<IDEArchive: 0x7fce6aad7bd0>', distributionTask(resolved)='2', distributionDestination(resolved)='2', distributionMethod(resolved)='<IDEDistributionMethodiOSAppStoreDistribution: 0x7fce6aa57f40>', team(resolved)='<IDEProvisioningDisambiguatableBasicTeam: 0x7fce6e59b3d0; teamID='NKR82GFQ5B', teamName='ismail tekin', teamType='Individual', username='bilgi@besyol.com.tr', isFreeProvisioningTeam='0'>'>
	Chain (6, self inclusive):
	<IDEDistributionContext: 0x7fce6ad6b320; archive = '<IDEArchive: 0x7fce6aad7bd0>', distributionMethod='<IDEDistributionMethodiOSAppStoreDistribution: 0x7fce6aa57f40>', team='<IDEProvisioningDisambiguatableBasicTeam: 0x7fce6e59b3d0; teamID='NKR82GFQ5B', teamName='ismail tekin', teamType='Individual', username='bilgi@besyol.com.tr', isFreeProvisioningTeam='0'>'>
	<IDEDistributionContext: 0x7fce6a623be0; archive = '<IDEArchive: 0x7fce6aad7bd0>', distributionMethod='<IDEDistributionMethodiOSAppStoreDistribution: 0x7fce6aa57f40>', team='<IDEProvisioningDisambiguatableBasicTeam: 0x7fce6e59b3d0; teamID='NKR82GFQ5B', teamName='ismail tekin', teamType='Individual', username='bilgi@besyol.com.tr', isFreeProvisioningTeam='0'>'>
	<IDEDistributionContext: 0x7fce6b184db0; archive = '<IDEArchive: 0x7fce6aad7bd0>', distributionMethod='<IDEDistributionMethodiOSAppStoreDistribution: 0x7fce6aa57f40>', team='<IDEProvisioningDisambiguatableBasicTeam: 0x7fce6e59b3d0; teamID='NKR82GFQ5B', teamName='ismail tekin', teamType='Individual', username='bilgi@besyol.com.tr', isFreeProvisioningTeam='0'>'>
	<IDEDistributionContext: 0x7fce6a320e80; archive = '<IDEArchive: 0x7fce6aad7bd0>', distributionMethod='<IDEDistributionMethodiOSAppStoreDistribution: 0x7fce6aa57f40>', team='(null)'>
	<IDEDistributionContext: 0x7fce6b182750; archive = '<IDEArchive: 0x7fce6aad7bd0>', distributionMethod='<IDEDistributionMethodiOSAppStoreDistribution: 0x7fce6aa57f40>', team='(null)'>
	<IDEDistributionContext: 0x7fce6ab7ada0; archive = '<IDEArchive: 0x7fce6aad7bd0>', distributionMethod='(null)', team='(null)'>
</IDEDistributionContext: 0x7fce6ad6b320>
2020-06-25 12:47:52 +0000 [MT] Chose account bilgi@besyol.com.tr for App Store Connect access
2020-06-25 12:47:52 +0000 [MT] Proceeding to distribution step IDEDistributionAppStoreConfigurationStepViewController, context: <IDEDistributionContext: 0x7fce6b14cd30; archive(resolved)='<IDEArchive: 0x7fce6aad7bd0>', distributionTask(resolved)='2', distributionDestination(resolved)='2', distributionMethod(resolved)='<IDEDistributionMethodiOSAppStoreDistribution: 0x7fce6aa57f40>', team(resolved)='<IDEProvisioningDisambiguatableBasicTeam: 0x7fce6e59b3d0; teamID='NKR82GFQ5B', teamName='ismail tekin', teamType='Individual', username='bilgi@besyol.com.tr', isFreeProvisioningTeam='0'>'>
	Chain (7, self inclusive):
	<IDEDistributionContext: 0x7fce6b14cd30; archive = '<IDEArchive: 0x7fce6aad7bd0>', distributionMethod='<IDEDistributionMethodiOSAppStoreDistribution: 0x7fce6aa57f40>', team='<IDEProvisioningDisambiguatableBasicTeam: 0x7fce6e59b3d0; teamID='NKR82GFQ5B', teamName='ismail tekin', teamType='Individual', username='bilgi@besyol.com.tr', isFreeProvisioningTeam='0'>'>
	<IDEDistributionContext: 0x7fce6ad6b320; archive = '<IDEArchive: 0x7fce6aad7bd0>', distributionMethod='<IDEDistributionMethodiOSAppStoreDistribution: 0x7fce6aa57f40>', team='<IDEProvisioningDisambiguatableBasicTeam: 0x7fce6e59b3d0; teamID='NKR82GFQ5B', teamName='ismail tekin', teamType='Individual', username='bilgi@besyol.com.tr', isFreeProvisioningTeam='0'>'>
	<IDEDistributionContext: 0x7fce6a623be0; archive = '<IDEArchive: 0x7fce6aad7bd0>', distributionMethod='<IDEDistributionMethodiOSAppStoreDistribution: 0x7fce6aa57f40>', team='<IDEProvisioningDisambiguatableBasicTeam: 0x7fce6e59b3d0; teamID='NKR82GFQ5B', teamName='ismail tekin', teamType='Individual', username='bilgi@besyol.com.tr', isFreeProvisioningTeam='0'>'>
	<IDEDistributionContext: 0x7fce6b184db0; archive = '<IDEArchive: 0x7fce6aad7bd0>', distributionMethod='<IDEDistributionMethodiOSAppStoreDistribution: 0x7fce6aa57f40>', team='<IDEProvisioningDisambiguatableBasicTeam: 0x7fce6e59b3d0; teamID='NKR82GFQ5B', teamName='ismail tekin', teamType='Individual', username='bilgi@besyol.com.tr', isFreeProvisioningTeam='0'>'>
	<IDEDistributionContext: 0x7fce6a320e80; archive = '<IDEArchive: 0x7fce6aad7bd0>', distributionMethod='<IDEDistributionMethodiOSAppStoreDistribution: 0x7fce6aa57f40>', team='(null)'>
	<IDEDistributionContext: 0x7fce6b182750; archive = '<IDEArchive: 0x7fce6aad7bd0>', distributionMethod='<IDEDistributionMethodiOSAppStoreDistribution: 0x7fce6aa57f40>', team='(null)'>
	<IDEDistributionContext: 0x7fce6ab7ada0; archive = '<IDEArchive: 0x7fce6aad7bd0>', distributionMethod='(null)', team='(null)'>
</IDEDistributionContext: 0x7fce6b14cd30>
2020-06-25 12:47:54 +0000 [MT] Proceeding to distribution step IDEDistributionOptionsStepViewController, context: <IDEDistributionContext: 0x7fce6ad67000; archive(resolved)='<IDEArchive: 0x7fce6aad7bd0>', distributionTask(resolved)='2', distributionDestination(resolved)='2', distributionMethod(resolved)='<IDEDistributionMethodiOSAppStoreDistribution: 0x7fce6aa57f40>', team(resolved)='<IDEProvisioningDisambiguatableBasicTeam: 0x7fce6e59b3d0; teamID='NKR82GFQ5B', teamName='ismail tekin', teamType='Individual', username='bilgi@besyol.com.tr', isFreeProvisioningTeam='0'>'>
	Chain (8, self inclusive):
	<IDEDistributionContext: 0x7fce6ad67000; archive = '<IDEArchive: 0x7fce6aad7bd0>', distributionMethod='<IDEDistributionMethodiOSAppStoreDistribution: 0x7fce6aa57f40>', team='<IDEProvisioningDisambiguatableBasicTeam: 0x7fce6e59b3d0; teamID='NKR82GFQ5B', teamName='ismail tekin', teamType='Individual', username='bilgi@besyol.com.tr', isFreeProvisioningTeam='0'>'>
	<IDEDistributionContext: 0x7fce6b14cd30; archive = '<IDEArchive: 0x7fce6aad7bd0>', distributionMethod='<IDEDistributionMethodiOSAppStoreDistribution: 0x7fce6aa57f40>', team='<IDEProvisioningDisambiguatableBasicTeam: 0x7fce6e59b3d0; teamID='NKR82GFQ5B', teamName='ismail tekin', teamType='Individual', username='bilgi@besyol.com.tr', isFreeProvisioningTeam='0'>'>
	<IDEDistributionContext: 0x7fce6ad6b320; archive = '<IDEArchive: 0x7fce6aad7bd0>', distributionMethod='<IDEDistributionMethodiOSAppStoreDistribution: 0x7fce6aa57f40>', team='<IDEProvisioningDisambiguatableBasicTeam: 0x7fce6e59b3d0; teamID='NKR82GFQ5B', teamName='ismail tekin', teamType='Individual', username='bilgi@besyol.com.tr', isFreeProvisioningTeam='0'>'>
	<IDEDistributionContext: 0x7fce6a623be0; archive = '<IDEArchive: 0x7fce6aad7bd0>', distributionMethod='<IDEDistributionMethodiOSAppStoreDistribution: 0x7fce6aa57f40>', team='<IDEProvisioningDisambiguatableBasicTeam: 0x7fce6e59b3d0; teamID='NKR82GFQ5B', teamName='ismail tekin', teamType='Individual', username='bilgi@besyol.com.tr', isFreeProvisioningTeam='0'>'>
	<IDEDistributionContext: 0x7fce6b184db0; archive = '<IDEArchive: 0x7fce6aad7bd0>', distributionMethod='<IDEDistributionMethodiOSAppStoreDistribution: 0x7fce6aa57f40>', team='<IDEProvisioningDisambiguatableBasicTeam: 0x7fce6e59b3d0; teamID='NKR82GFQ5B', teamName='ismail tekin', teamType='Individual', username='bilgi@besyol.com.tr', isFreeProvisioningTeam='0'>'>
	<IDEDistributionContext: 0x7fce6a320e80; archive = '<IDEArchive: 0x7fce6aad7bd0>', distributionMethod='<IDEDistributionMethodiOSAppStoreDistribution: 0x7fce6aa57f40>', team='(null)'>
	<IDEDistributionContext: 0x7fce6b182750; archive = '<IDEArchive: 0x7fce6aad7bd0>', distributionMethod='<IDEDistributionMethodiOSAppStoreDistribution: 0x7fce6aa57f40>', team='(null)'>
	<IDEDistributionContext: 0x7fce6ab7ada0; archive = '<IDEArchive: 0x7fce6aad7bd0>', distributionMethod='(null)', team='(null)'>
</IDEDistributionContext: 0x7fce6ad67000>
2020-06-25 12:47:55 +0000 [MT] Proceeding to distribution step IDEDistributionSigningMethodStepViewController, context: <IDEDistributionContext: 0x7fce6ad971d0; archive(resolved)='<IDEArchive: 0x7fce6aad7bd0>', distributionTask(resolved)='2', distributionDestination(resolved)='2', distributionMethod(resolved)='<IDEDistributionMethodiOSAppStoreDistribution: 0x7fce6aa57f40>', team(resolved)='<IDEProvisioningDisambiguatableBasicTeam: 0x7fce6e59b3d0; teamID='NKR82GFQ5B', teamName='ismail tekin', teamType='Individual', username='bilgi@besyol.com.tr', isFreeProvisioningTeam='0'>'>
	Chain (9, self inclusive):
	<IDEDistributionContext: 0x7fce6ad971d0; archive = '<IDEArchive: 0x7fce6aad7bd0>', distributionMethod='<IDEDistributionMethodiOSAppStoreDistribution: 0x7fce6aa57f40>', team='<IDEProvisioningDisambiguatableBasicTeam: 0x7fce6e59b3d0; teamID='NKR82GFQ5B', teamName='ismail tekin', teamType='Individual', username='bilgi@besyol.com.tr', isFreeProvisioningTeam='0'>'>
	<IDEDistributionContext: 0x7fce6ad67000; archive = '<IDEArchive: 0x7fce6aad7bd0>', distributionMethod='<IDEDistributionMethodiOSAppStoreDistribution: 0x7fce6aa57f40>', team='<IDEProvisioningDisambiguatableBasicTeam: 0x7fce6e59b3d0; teamID='NKR82GFQ5B', teamName='ismail tekin', teamType='Individual', username='bilgi@besyol.com.tr', isFreeProvisioningTeam='0'>'>
	<IDEDistributionContext: 0x7fce6b14cd30; archive = '<IDEArchive: 0x7fce6aad7bd0>', distributionMethod='<IDEDistributionMethodiOSAppStoreDistribution: 0x7fce6aa57f40>', team='<IDEProvisioningDisambiguatableBasicTeam: 0x7fce6e59b3d0; teamID='NKR82GFQ5B', teamName='ismail tekin', teamType='Individual', username='bilgi@besyol.com.tr', isFreeProvisioningTeam='0'>'>
	<IDEDistributionContext: 0x7fce6ad6b320; archive = '<IDEArchive: 0x7fce6aad7bd0>', distributionMethod='<IDEDistributionMethodiOSAppStoreDistribution: 0x7fce6aa57f40>', team='<IDEProvisioningDisambiguatableBasicTeam: 0x7fce6e59b3d0; teamID='NKR82GFQ5B', teamName='ismail tekin', teamType='Individual', username='bilgi@besyol.com.tr', isFreeProvisioningTeam='0'>'>
	<IDEDistributionContext: 0x7fce6a623be0; archive = '<IDEArchive: 0x7fce6aad7bd0>', distributionMethod='<IDEDistributionMethodiOSAppStoreDistribution: 0x7fce6aa57f40>', team='<IDEProvisioningDisambiguatableBasicTeam: 0x7fce6e59b3d0; teamID='NKR82GFQ5B', teamName='ismail tekin', teamType='Individual', username='bilgi@besyol.com.tr', isFreeProvisioningTeam='0'>'>
	<IDEDistributionContext: 0x7fce6b184db0; archive = '<IDEArchive: 0x7fce6aad7bd0>', distributionMethod='<IDEDistributionMethodiOSAppStoreDistribution: 0x7fce6aa57f40>', team='<IDEProvisioningDisambiguatableBasicTeam: 0x7fce6e59b3d0; teamID='NKR82GFQ5B', teamName='ismail tekin', teamType='Individual', username='bilgi@besyol.com.tr', isFreeProvisioningTeam='0'>'>
	<IDEDistributionContext: 0x7fce6a320e80; archive = '<IDEArchive: 0x7fce6aad7bd0>', distributionMethod='<IDEDistributionMethodiOSAppStoreDistribution: 0x7fce6aa57f40>', team='(null)'>
	<IDEDistributionContext: 0x7fce6b182750; archive = '<IDEArchive: 0x7fce6aad7bd0>', distributionMethod='<IDEDistributionMethodiOSAppStoreDistribution: 0x7fce6aa57f40>', team='(null)'>
	<IDEDistributionContext: 0x7fce6ab7ada0; archive = '<IDEArchive: 0x7fce6aad7bd0>', distributionMethod='(null)', team='(null)'>
</IDEDistributionContext: 0x7fce6ad971d0>
2020-06-25 12:47:57 +0000 [MT] Proceeding to distribution step IDEDistributionSigningAssetsStepViewController, context: <IDEDistributionContext: 0x7fce6b253470; archive(resolved)='<IDEArchive: 0x7fce6aad7bd0>', distributionTask(resolved)='2', distributionDestination(resolved)='2', distributionMethod(resolved)='<IDEDistributionMethodiOSAppStoreDistribution: 0x7fce6aa57f40>', team(resolved)='<IDEProvisioningDisambiguatableBasicTeam: 0x7fce6e59b3d0; teamID='NKR82GFQ5B', teamName='ismail tekin', teamType='Individual', username='bilgi@besyol.com.tr', isFreeProvisioningTeam='0'>'>
	Chain (10, self inclusive):
	<IDEDistributionContext: 0x7fce6b253470; archive = '<IDEArchive: 0x7fce6aad7bd0>', distributionMethod='<IDEDistributionMethodiOSAppStoreDistribution: 0x7fce6aa57f40>', team='<IDEProvisioningDisambiguatableBasicTeam: 0x7fce6e59b3d0; teamID='NKR82GFQ5B', teamName='ismail tekin', teamType='Individual', username='bilgi@besyol.com.tr', isFreeProvisioningTeam='0'>'>
	<IDEDistributionContext: 0x7fce6ad971d0; archive = '<IDEArchive: 0x7fce6aad7bd0>', distributionMethod='<IDEDistributionMethodiOSAppStoreDistribution: 0x7fce6aa57f40>', team='<IDEProvisioningDisambiguatableBasicTeam: 0x7fce6e59b3d0; teamID='NKR82GFQ5B', teamName='ismail tekin', teamType='Individual', username='bilgi@besyol.com.tr', isFreeProvisioningTeam='0'>'>
	<IDEDistributionContext: 0x7fce6ad67000; archive = '<IDEArchive: 0x7fce6aad7bd0>', distributionMethod='<IDEDistributionMethodiOSAppStoreDistribution: 0x7fce6aa57f40>', team='<IDEProvisioningDisambiguatableBasicTeam: 0x7fce6e59b3d0; teamID='NKR82GFQ5B', teamName='ismail tekin', teamType='Individual', username='bilgi@besyol.com.tr', isFreeProvisioningTeam='0'>'>
	<IDEDistributionContext: 0x7fce6b14cd30; archive = '<IDEArchive: 0x7fce6aad7bd0>', distributionMethod='<IDEDistributionMethodiOSAppStoreDistribution: 0x7fce6aa57f40>', team='<IDEProvisioningDisambiguatableBasicTeam: 0x7fce6e59b3d0; teamID='NKR82GFQ5B', teamName='ismail tekin', teamType='Individual', username='bilgi@besyol.com.tr', isFreeProvisioningTeam='0'>'>
	<IDEDistributionContext: 0x7fce6ad6b320; archive = '<IDEArchive: 0x7fce6aad7bd0>', distributionMethod='<IDEDistributionMethodiOSAppStoreDistribution: 0x7fce6aa57f40>', team='<IDEProvisioningDisambiguatableBasicTeam: 0x7fce6e59b3d0; teamID='NKR82GFQ5B', teamName='ismail tekin', teamType='Individual', username='bilgi@besyol.com.tr', isFreeProvisioningTeam='0'>'>
	<IDEDistributionContext: 0x7fce6a623be0; archive = '<IDEArchive: 0x7fce6aad7bd0>', distributionMethod='<IDEDistributionMethodiOSAppStoreDistribution: 0x7fce6aa57f40>', team='<IDEProvisioningDisambiguatableBasicTeam: 0x7fce6e59b3d0; teamID='NKR82GFQ5B', teamName='ismail tekin', teamType='Individual', username='bilgi@besyol.com.tr', isFreeProvisioningTeam='0'>'>
	<IDEDistributionContext: 0x7fce6b184db0; archive = '<IDEArchive: 0x7fce6aad7bd0>', distributionMethod='<IDEDistributionMethodiOSAppStoreDistribution: 0x7fce6aa57f40>', team='<IDEProvisioningDisambiguatableBasicTeam: 0x7fce6e59b3d0; teamID='NKR82GFQ5B', teamName='ismail tekin', teamType='Individual', username='bilgi@besyol.com.tr', isFreeProvisioningTeam='0'>'>
	<IDEDistributionContext: 0x7fce6a320e80; archive = '<IDEArchive: 0x7fce6aad7bd0>', distributionMethod='<IDEDistributionMethodiOSAppStoreDistribution: 0x7fce6aa57f40>', team='(null)'>
	<IDEDistributionContext: 0x7fce6b182750; archive = '<IDEArchive: 0x7fce6aad7bd0>', distributionMethod='<IDEDistributionMethodiOSAppStoreDistribution: 0x7fce6aa57f40>', team='(null)'>
	<IDEDistributionContext: 0x7fce6ab7ada0; archive = '<IDEArchive: 0x7fce6aad7bd0>', distributionMethod='(null)', team='(null)'>
</IDEDistributionContext: 0x7fce6b253470>
2020-06-25 12:47:59 +0000 [MT] Proceeding to distribution step IDEDistributionPackagingStepViewController, context: <IDEDistributionContext: 0x7fce6a528a40; archive(resolved)='<IDEArchive: 0x7fce6aad7bd0>', distributionTask(resolved)='2', distributionDestination(resolved)='2', distributionMethod(resolved)='<IDEDistributionMethodiOSAppStoreDistribution: 0x7fce6aa57f40>', team(resolved)='<IDEProvisioningDisambiguatableBasicTeam: 0x7fce6e59b3d0; teamID='NKR82GFQ5B', teamName='ismail tekin', teamType='Individual', username='bilgi@besyol.com.tr', isFreeProvisioningTeam='0'>'>
	Chain (11, self inclusive):
	<IDEDistributionContext: 0x7fce6a528a40; archive = '<IDEArchive: 0x7fce6aad7bd0>', distributionMethod='<IDEDistributionMethodiOSAppStoreDistribution: 0x7fce6aa57f40>', team='<IDEProvisioningDisambiguatableBasicTeam: 0x7fce6e59b3d0; teamID='NKR82GFQ5B', teamName='ismail tekin', teamType='Individual', username='bilgi@besyol.com.tr', isFreeProvisioningTeam='0'>'>
	<IDEDistributionContext: 0x7fce6b253470; archive = '<IDEArchive: 0x7fce6aad7bd0>', distributionMethod='<IDEDistributionMethodiOSAppStoreDistribution: 0x7fce6aa57f40>', team='<IDEProvisioningDisambiguatableBasicTeam: 0x7fce6e59b3d0; teamID='NKR82GFQ5B', teamName='ismail tekin', teamType='Individual', username='bilgi@besyol.com.tr', isFreeProvisioningTeam='0'>'>
	<IDEDistributionContext: 0x7fce6ad971d0; archive = '<IDEArchive: 0x7fce6aad7bd0>', distributionMethod='<IDEDistributionMethodiOSAppStoreDistribution: 0x7fce6aa57f40>', team='<IDEProvisioningDisambiguatableBasicTeam: 0x7fce6e59b3d0; teamID='NKR82GFQ5B', teamName='ismail tekin', teamType='Individual', username='bilgi@besyol.com.tr', isFreeProvisioningTeam='0'>'>
	<IDEDistributionContext: 0x7fce6ad67000; archive = '<IDEArchive: 0x7fce6aad7bd0>', distributionMethod='<IDEDistributionMethodiOSAppStoreDistribution: 0x7fce6aa57f40>', team='<IDEProvisioningDisambiguatableBasicTeam: 0x7fce6e59b3d0; teamID='NKR82GFQ5B', teamName='ismail tekin', teamType='Individual', username='bilgi@besyol.com.tr', isFreeProvisioningTeam='0'>'>
	<IDEDistributionContext: 0x7fce6b14cd30; archive = '<IDEArchive: 0x7fce6aad7bd0>', distributionMethod='<IDEDistributionMethodiOSAppStoreDistribution: 0x7fce6aa57f40>', team='<IDEProvisioningDisambiguatableBasicTeam: 0x7fce6e59b3d0; teamID='NKR82GFQ5B', teamName='ismail tekin', teamType='Individual', username='bilgi@besyol.com.tr', isFreeProvisioningTeam='0'>'>
	<IDEDistributionContext: 0x7fce6ad6b320; archive = '<IDEArchive: 0x7fce6aad7bd0>', distributionMethod='<IDEDistributionMethodiOSAppStoreDistribution: 0x7fce6aa57f40>', team='<IDEProvisioningDisambiguatableBasicTeam: 0x7fce6e59b3d0; teamID='NKR82GFQ5B', teamName='ismail tekin', teamType='Individual', username='bilgi@besyol.com.tr', isFreeProvisioningTeam='0'>'>
	<IDEDistributionContext: 0x7fce6a623be0; archive = '<IDEArchive: 0x7fce6aad7bd0>', distributionMethod='<IDEDistributionMethodiOSAppStoreDistribution: 0x7fce6aa57f40>', team='<IDEProvisioningDisambiguatableBasicTeam: 0x7fce6e59b3d0; teamID='NKR82GFQ5B', teamName='ismail tekin', teamType='Individual', username='bilgi@besyol.com.tr', isFreeProvisioningTeam='0'>'>
	<IDEDistributionContext: 0x7fce6b184db0; archive = '<IDEArchive: 0x7fce6aad7bd0>', distributionMethod='<IDEDistributionMethodiOSAppStoreDistribution: 0x7fce6aa57f40>', team='<IDEProvisioningDisambiguatableBasicTeam: 0x7fce6e59b3d0; teamID='NKR82GFQ5B', teamName='ismail tekin', teamType='Individual', username='bilgi@besyol.com.tr', isFreeProvisioningTeam='0'>'>
	<IDEDistributionContext: 0x7fce6a320e80; archive = '<IDEArchive: 0x7fce6aad7bd0>', distributionMethod='<IDEDistributionMethodiOSAppStoreDistribution: 0x7fce6aa57f40>', team='(null)'>
	<IDEDistributionContext: 0x7fce6b182750; archive = '<IDEArchive: 0x7fce6aad7bd0>', distributionMethod='<IDEDistributionMethodiOSAppStoreDistribution: 0x7fce6aa57f40>', team='(null)'>
	<IDEDistributionContext: 0x7fce6ab7ada0; archive = '<IDEArchive: 0x7fce6aad7bd0>', distributionMethod='(null)', team='(null)'>
</IDEDistributionContext: 0x7fce6a528a40>
2020-06-25 12:50:21 +0000 [MT] Canceled distribution assistant
